<?xml version="1.0" encoding="UTF-8"?>
<!-- Generated by org.testng.reporters.JUnitReportReporter -->
<testsuite hostname="DESKTOP-LN5N0SE" failures="0" tests="1" name="DataDriven.DataD.SignUpTest.SignUpTest" time="34.763" errors="0" timestamp="2022-04-08T15:34:58 IST" skipped="0">
  <testcase classname="DataDriven.DataD.SignUpTest.SignUpTest" name="signUpFormValid_001" time="34.763"/>
  <system-out/>
</testsuite> <!-- DataDriven.DataD.SignUpTest.SignUpTest -->
